<?xml version="1.0" encoding="utf-8"?>
<CoverageSession xmlns:xsd="http://www.w3.org/2001/XMLSchema" xmlns:xsi="http://www.w3.org/2001/XMLSchema-instance" Version="0.0.0.0">
  <Summary numSequencePoints="199" visitedSequencePoints="0" numBranchPoints="0" visitedBranchPoints="0" sequenceCoverage="0.0" branchCoverage="0.0" maxCyclomaticComplexity="0" minCyclomaticComplexity="0" maxCrapScore="0" minCrapScore="0" visitedClasses="0" numClasses="12" visitedMethods="0" numMethods="36" />
  <Modules>
    <Module>
      <Summary numSequencePoints="63" visitedSequencePoints="0" numBranchPoints="0" visitedBranchPoints="0" sequenceCoverage="0.0" branchCoverage="0.0" maxCyclomaticComplexity="0" minCyclomaticComplexity="0" maxCrapScore="0" minCrapScore="0" visitedClasses="0" numClasses="2" visitedMethods="0" numMethods="9" />
      <ModuleTime>0001-01-01T00:00:00</ModuleTime>
      <ModuleName>PlayerMode</ModuleName>
      <Files>
        <File uid="1" fullPath="D:/Schule/m450-main/Projekt/CareGameM450/Assets/Tests/EditoMode/ScoreTests.cs" />
        <File uid="2" fullPath="D:/Schule/m450-main/Projekt/CareGameM450/Assets/Tests/EditoMode/SpawnerTests.cs" />
      </Files>
      <Classes>
        <Class>
          <Summary numSequencePoints="45" visitedSequencePoints="0" numBranchPoints="0" visitedBranchPoints="0" sequenceCoverage="0.0" branchCoverage="0.0" maxCyclomaticComplexity="0" minCyclomaticComplexity="0" maxCrapScore="0" minCrapScore="0" visitedClasses="0" numClasses="1" visitedMethods="0" numMethods="7" />
          <FullName>ScoreTests</FullName>
          <Methods>
            <Method visited="false" cyclomaticComplexity="0" nPathComplexity="0" sequenceCoverage="0.0" branchCoverage="0" crapScore="0" isConstructor="false" isStatic="false" isGetter="false" isSetter="false">
              <Summary numSequencePoints="6" visitedSequencePoints="0" numBranchPoints="0" visitedBranchPoints="0" sequenceCoverage="0.0" branchCoverage="0" maxCyclomaticComplexity="0" minCyclomaticComplexity="0" maxCrapScore="0" minCrapScore="0" visitedClasses="0" numClasses="0" visitedMethods="0" numMethods="1" />
              <MetadataToken>100663297</MetadataToken>
              <Name>System.Void ScoreTests::ResetScore_ResetsScoreVariableToZero()</Name>
              <FileRef uid="1" />
              <SequencePoints>
                <SequencePoint vc="0" uspid="797" ordinal="0" offset="0" sl="12" sc="0" el="12" ec="0" bec="0" bev="0" fileid="1" />
                <SequencePoint vc="0" uspid="798" ordinal="0" offset="1" sl="14" sc="0" el="14" ec="0" bec="0" bev="0" fileid="1" />
                <SequencePoint vc="0" uspid="799" ordinal="0" offset="12" sl="17" sc="0" el="17" ec="0" bec="0" bev="0" fileid="1" />
                <SequencePoint vc="0" uspid="800" ordinal="0" offset="20" sl="20" sc="0" el="20" ec="0" bec="0" bev="0" fileid="1" />
                <SequencePoint vc="0" uspid="801" ordinal="0" offset="27" sl="23" sc="0" el="23" ec="0" bec="0" bev="0" fileid="1" />
                <SequencePoint vc="0" uspid="802" ordinal="0" offset="50" sl="24" sc="0" el="24" ec="0" bec="0" bev="0" fileid="1" />
              </SequencePoints>
              <BranchPoints />
            </Method>
            <Method visited="false" cyclomaticComplexity="0" nPathComplexity="0" sequenceCoverage="0.0" branchCoverage="0" crapScore="0" isConstructor="false" isStatic="false" isGetter="false" isSetter="false">
              <Summary numSequencePoints="6" visitedSequencePoints="0" numBranchPoints="0" visitedBranchPoints="0" sequenceCoverage="0.0" branchCoverage="0" maxCyclomaticComplexity="0" minCyclomaticComplexity="0" maxCrapScore="0" minCrapScore="0" visitedClasses="0" numClasses="0" visitedMethods="0" numMethods="1" />
              <MetadataToken>100663298</MetadataToken>
              <Name>System.Void ScoreTests::ResetScore_ResetsScorePlayerPrefsToZero()</Name>
              <FileRef uid="1" />
              <SequencePoints>
                <SequencePoint vc="0" uspid="803" ordinal="0" offset="0" sl="28" sc="0" el="28" ec="0" bec="0" bev="0" fileid="1" />
                <SequencePoint vc="0" uspid="804" ordinal="0" offset="1" sl="30" sc="0" el="30" ec="0" bec="0" bev="0" fileid="1" />
                <SequencePoint vc="0" uspid="805" ordinal="0" offset="12" sl="33" sc="0" el="33" ec="0" bec="0" bev="0" fileid="1" />
                <SequencePoint vc="0" uspid="806" ordinal="0" offset="25" sl="36" sc="0" el="36" ec="0" bec="0" bev="0" fileid="1" />
                <SequencePoint vc="0" uspid="807" ordinal="0" offset="32" sl="39" sc="0" el="39" ec="0" bec="0" bev="0" fileid="1" />
                <SequencePoint vc="0" uspid="808" ordinal="0" offset="59" sl="40" sc="0" el="40" ec="0" bec="0" bev="0" fileid="1" />
              </SequencePoints>
              <BranchPoints />
            </Method>
            <Method visited="false" cyclomaticComplexity="0" nPathComplexity="0" sequenceCoverage="0.0" branchCoverage="0" crapScore="0" isConstructor="false" isStatic="false" isGetter="false" isSetter="false">
              <Summary numSequencePoints="6" visitedSequencePoints="0" numBranchPoints="0" visitedBranchPoints="0" sequenceCoverage="0.0" branchCoverage="0" maxCyclomaticComplexity="0" minCyclomaticComplexity="0" maxCrapScore="0" minCrapScore="0" visitedClasses="0" numClasses="0" visitedMethods="0" numMethods="1" />
              <MetadataToken>100663299</MetadataToken>
              <Name>System.Void ScoreTests::AddScore_IncreasesScoreByOne(System.Int32, System.Int32)</Name>
              <FileRef uid="1" />
              <SequencePoints>
                <SequencePoint vc="0" uspid="809" ordinal="0" offset="0" sl="48" sc="0" el="48" ec="0" bec="0" bev="0" fileid="1" />
                <SequencePoint vc="0" uspid="810" ordinal="0" offset="1" sl="50" sc="0" el="50" ec="0" bec="0" bev="0" fileid="1" />
                <SequencePoint vc="0" uspid="811" ordinal="0" offset="12" sl="51" sc="0" el="51" ec="0" bec="0" bev="0" fileid="1" />
                <SequencePoint vc="0" uspid="812" ordinal="0" offset="19" sl="54" sc="0" el="54" ec="0" bec="0" bev="0" fileid="1" />
                <SequencePoint vc="0" uspid="813" ordinal="0" offset="26" sl="57" sc="0" el="57" ec="0" bec="0" bev="0" fileid="1" />
                <SequencePoint vc="0" uspid="814" ordinal="0" offset="49" sl="58" sc="0" el="58" ec="0" bec="0" bev="0" fileid="1" />
              </SequencePoints>
              <BranchPoints />
            </Method>
            <Method visited="false" cyclomaticComplexity="0" nPathComplexity="0" sequenceCoverage="0.0" branchCoverage="0" crapScore="0" isConstructor="false" isStatic="false" isGetter="false" isSetter="false">
              <Summary numSequencePoints="7" visitedSequencePoints="0" numBranchPoints="0" visitedBranchPoints="0" sequenceCoverage="0.0" branchCoverage="0" maxCyclomaticComplexity="0" minCyclomaticComplexity="0" maxCrapScore="0" minCrapScore="0" visitedClasses="0" numClasses="0" visitedMethods="0" numMethods="1" />
              <MetadataToken>100663300</MetadataToken>
              <Name>System.Void ScoreTests::SaveScore_UpdatesHighscoreVariableIfCurrentScoreIsHigher(System.Int32, System.Int32, System.Int32)</Name>
              <FileRef uid="1" />
              <SequencePoints>
                <SequencePoint vc="0" uspid="815" ordinal="0" offset="0" sl="65" sc="0" el="65" ec="0" bec="0" bev="0" fileid="1" />
                <SequencePoint vc="0" uspid="816" ordinal="0" offset="1" sl="67" sc="0" el="67" ec="0" bec="0" bev="0" fileid="1" />
                <SequencePoint vc="0" uspid="817" ordinal="0" offset="12" sl="68" sc="0" el="68" ec="0" bec="0" bev="0" fileid="1" />
                <SequencePoint vc="0" uspid="818" ordinal="0" offset="19" sl="69" sc="0" el="69" ec="0" bec="0" bev="0" fileid="1" />
                <SequencePoint vc="0" uspid="819" ordinal="0" offset="26" sl="72" sc="0" el="72" ec="0" bec="0" bev="0" fileid="1" />
                <SequencePoint vc="0" uspid="820" ordinal="0" offset="33" sl="75" sc="0" el="75" ec="0" bec="0" bev="0" fileid="1" />
                <SequencePoint vc="0" uspid="821" ordinal="0" offset="56" sl="76" sc="0" el="76" ec="0" bec="0" bev="0" fileid="1" />
              </SequencePoints>
              <BranchPoints />
            </Method>
            <Method visited="false" cyclomaticComplexity="0" nPathComplexity="0" sequenceCoverage="0.0" branchCoverage="0" crapScore="0" isConstructor="false" isStatic="false" isGetter="false" isSetter="false">
              <Summary numSequencePoints="7" visitedSequencePoints="0" numBranchPoints="0" visitedBranchPoints="0" sequenceCoverage="0.0" branchCoverage="0" maxCyclomaticComplexity="0" minCyclomaticComplexity="0" maxCrapScore="0" minCrapScore="0" visitedClasses="0" numClasses="0" visitedMethods="0" numMethods="1" />
              <MetadataToken>100663301</MetadataToken>
              <Name>System.Void ScoreTests::SaveScore_DoesNotUpdateHighscoreIfCurrentScoreIsLower(System.Int32, System.Int32, System.Int32)</Name>
              <FileRef uid="1" />
              <SequencePoints>
                <SequencePoint vc="0" uspid="822" ordinal="0" offset="0" sl="83" sc="0" el="83" ec="0" bec="0" bev="0" fileid="1" />
                <SequencePoint vc="0" uspid="823" ordinal="0" offset="1" sl="85" sc="0" el="85" ec="0" bec="0" bev="0" fileid="1" />
                <SequencePoint vc="0" uspid="824" ordinal="0" offset="12" sl="86" sc="0" el="86" ec="0" bec="0" bev="0" fileid="1" />
                <SequencePoint vc="0" uspid="825" ordinal="0" offset="19" sl="87" sc="0" el="87" ec="0" bec="0" bev="0" fileid="1" />
                <SequencePoint vc="0" uspid="826" ordinal="0" offset="26" sl="90" sc="0" el="90" ec="0" bec="0" bev="0" fileid="1" />
                <SequencePoint vc="0" uspid="827" ordinal="0" offset="33" sl="93" sc="0" el="93" ec="0" bec="0" bev="0" fileid="1" />
                <SequencePoint vc="0" uspid="828" ordinal="0" offset="56" sl="94" sc="0" el="94" ec="0" bec="0" bev="0" fileid="1" />
              </SequencePoints>
              <BranchPoints />
            </Method>
            <Method visited="false" cyclomaticComplexity="0" nPathComplexity="0" sequenceCoverage="0.0" branchCoverage="0" crapScore="0" isConstructor="false" isStatic="false" isGetter="false" isSetter="false">
              <Summary numSequencePoints="7" visitedSequencePoints="0" numBranchPoints="0" visitedBranchPoints="0" sequenceCoverage="0.0" branchCoverage="0" maxCyclomaticComplexity="0" minCyclomaticComplexity="0" maxCrapScore="0" minCrapScore="0" visitedClasses="0" numClasses="0" visitedMethods="0" numMethods="1" />
              <MetadataToken>100663302</MetadataToken>
              <Name>System.Void ScoreTests::SaveScore_HighscorePlayerPrefsGetsUpdated(System.Int32, System.Int32)</Name>
              <FileRef uid="1" />
              <SequencePoints>
                <SequencePoint vc="0" uspid="829" ordinal="0" offset="0" sl="101" sc="0" el="101" ec="0" bec="0" bev="0" fileid="1" />
                <SequencePoint vc="0" uspid="830" ordinal="0" offset="1" sl="103" sc="0" el="103" ec="0" bec="0" bev="0" fileid="1" />
                <SequencePoint vc="0" uspid="831" ordinal="0" offset="7" sl="104" sc="0" el="104" ec="0" bec="0" bev="0" fileid="1" />
                <SequencePoint vc="0" uspid="832" ordinal="0" offset="18" sl="105" sc="0" el="105" ec="0" bec="0" bev="0" fileid="1" />
                <SequencePoint vc="0" uspid="833" ordinal="0" offset="25" sl="108" sc="0" el="108" ec="0" bec="0" bev="0" fileid="1" />
                <SequencePoint vc="0" uspid="834" ordinal="0" offset="32" sl="111" sc="0" el="111" ec="0" bec="0" bev="0" fileid="1" />
                <SequencePoint vc="0" uspid="835" ordinal="0" offset="59" sl="112" sc="0" el="112" ec="0" bec="0" bev="0" fileid="1" />
              </SequencePoints>
              <BranchPoints />
            </Method>
            <Method visited="false" cyclomaticComplexity="0" nPathComplexity="0" sequenceCoverage="0.0" branchCoverage="0" crapScore="0" isConstructor="false" isStatic="false" isGetter="false" isSetter="false">
              <Summary numSequencePoints="6" visitedSequencePoints="0" numBranchPoints="0" visitedBranchPoints="0" sequenceCoverage="0.0" branchCoverage="0" maxCyclomaticComplexity="0" minCyclomaticComplexity="0" maxCrapScore="0" minCrapScore="0" visitedClasses="0" numClasses="0" visitedMethods="0" numMethods="1" />
              <MetadataToken>100663303</MetadataToken>
              <Name>System.Void ScoreTests::SaveScore_SavesCurrentScoreInPlayerPrefs(System.Int32, System.Int32)</Name>
              <FileRef uid="1" />
              <SequencePoints>
                <SequencePoint vc="0" uspid="836" ordinal="0" offset="0" sl="119" sc="0" el="119" ec="0" bec="0" bev="0" fileid="1" />
                <SequencePoint vc="0" uspid="837" ordinal="0" offset="1" sl="121" sc="0" el="121" ec="0" bec="0" bev="0" fileid="1" />
                <SequencePoint vc="0" uspid="838" ordinal="0" offset="12" sl="122" sc="0" el="122" ec="0" bec="0" bev="0" fileid="1" />
                <SequencePoint vc="0" uspid="839" ordinal="0" offset="19" sl="125" sc="0" el="125" ec="0" bec="0" bev="0" fileid="1" />
                <SequencePoint vc="0" uspid="840" ordinal="0" offset="26" sl="128" sc="0" el="128" ec="0" bec="0" bev="0" fileid="1" />
                <SequencePoint vc="0" uspid="841" ordinal="0" offset="53" sl="129" sc="0" el="129" ec="0" bec="0" bev="0" fileid="1" />
              </SequencePoints>
              <BranchPoints />
            </Method>
          </Methods>
        </Class>
        <Class>
          <Summary numSequencePoints="18" visitedSequencePoints="0" numBranchPoints="0" visitedBranchPoints="0" sequenceCoverage="0.0" branchCoverage="0.0" maxCyclomaticComplexity="0" minCyclomaticComplexity="0" maxCrapScore="0" minCrapScore="0" visitedClasses="0" numClasses="1" visitedMethods="0" numMethods="2" />
          <FullName>SpawnerTests</FullName>
          <Methods>
            <Method visited="false" cyclomaticComplexity="0" nPathComplexity="0" sequenceCoverage="0.0" branchCoverage="0" crapScore="0" isConstructor="false" isStatic="false" isGetter="false" isSetter="false">
              <Summary numSequencePoints="7" visitedSequencePoints="0" numBranchPoints="0" visitedBranchPoints="0" sequenceCoverage="0.0" branchCoverage="0" maxCyclomaticComplexity="0" minCyclomaticComplexity="0" maxCrapScore="0" minCrapScore="0" visitedClasses="0" numClasses="0" visitedMethods="0" numMethods="1" />
              <MetadataToken>100663305</MetadataToken>
              <Name>System.Void SpawnerTests::RandomSpawnTime_ReturnsRandomValueWithinRange(System.Single, System.Single)</Name>
              <FileRef uid="2" />
              <SequencePoints>
                <SequencePoint vc="0" uspid="842" ordinal="0" offset="0" sl="17" sc="0" el="17" ec="0" bec="0" bev="0" fileid="2" />
                <SequencePoint vc="0" uspid="843" ordinal="0" offset="1" sl="19" sc="0" el="19" ec="0" bec="0" bev="0" fileid="2" />
                <SequencePoint vc="0" uspid="844" ordinal="0" offset="12" sl="20" sc="0" el="20" ec="0" bec="0" bev="0" fileid="2" />
                <SequencePoint vc="0" uspid="845" ordinal="0" offset="25" sl="23" sc="0" el="23" ec="0" bec="0" bev="0" fileid="2" />
                <SequencePoint vc="0" uspid="846" ordinal="0" offset="32" sl="26" sc="0" el="26" ec="0" bec="0" bev="0" fileid="2" />
                <SequencePoint vc="0" uspid="847" ordinal="0" offset="40" sl="27" sc="0" el="27" ec="0" bec="0" bev="0" fileid="2" />
                <SequencePoint vc="0" uspid="848" ordinal="0" offset="48" sl="28" sc="0" el="28" ec="0" bec="0" bev="0" fileid="2" />
              </SequencePoints>
              <BranchPoints />
            </Method>
            <Method visited="false" cyclomaticComplexity="0" nPathComplexity="0" sequenceCoverage="0.0" branchCoverage="0" crapScore="0" isConstructor="false" isStatic="false" isGetter="false" isSetter="false">
              <Summary numSequencePoints="11" visitedSequencePoints="0" numBranchPoints="0" visitedBranchPoints="0" sequenceCoverage="0.0" branchCoverage="0" maxCyclomaticComplexity="0" minCyclomaticComplexity="0" maxCrapScore="0" minCrapScore="0" visitedClasses="0" numClasses="0" visitedMethods="0" numMethods="1" />
              <MetadataToken>100663306</MetadataToken>
              <Name>System.Void SpawnerTests::Reshuffle_ShouldShuffleSpawnPoints(System.Single, System.Single, System.Single, System.Single, System.Single, System.Single, System.Single, System.Single, System.Single, System.Single, System.Single, System.Single)</Name>
              <FileRef uid="2" />
              <SequencePoints>
                <SequencePoint vc="0" uspid="849" ordinal="0" offset="0" sl="33" sc="5" el="33" ec="5" bec="0" bev="0" fileid="2" />
                <SequencePoint vc="0" uspid="850" ordinal="0" offset="1" sl="35" sc="9" el="35" ec="9" bec="0" bev="0" fileid="2" />
                <SequencePoint vc="0" uspid="851" ordinal="0" offset="12" sl="37" sc="9" el="37" ec="9" bec="0" bev="0" fileid="2" />
                <SequencePoint vc="0" uspid="852" ordinal="0" offset="58" sl="44" sc="9" el="44" ec="9" bec="0" bev="0" fileid="2" />
                <SequencePoint vc="0" uspid="853" ordinal="0" offset="75" sl="45" sc="9" el="45" ec="9" bec="0" bev="0" fileid="2" />
                <SequencePoint vc="0" uspid="854" ordinal="0" offset="95" sl="46" sc="9" el="46" ec="9" bec="0" bev="0" fileid="2" />
                <SequencePoint vc="0" uspid="855" ordinal="0" offset="115" sl="48" sc="9" el="48" ec="9" bec="0" bev="0" fileid="2" />
                <SequencePoint vc="0" uspid="856" ordinal="0" offset="145" sl="54" sc="9" el="54" ec="9" bec="0" bev="0" fileid="2" />
                <SequencePoint vc="0" uspid="857" ordinal="0" offset="162" sl="57" sc="9" el="57" ec="9" bec="0" bev="0" fileid="2" />
                <SequencePoint vc="0" uspid="858" ordinal="0" offset="169" sl="60" sc="9" el="60" ec="9" bec="0" bev="0" fileid="2" />
                <SequencePoint vc="0" uspid="859" ordinal="0" offset="182" sl="61" sc="5" el="61" ec="5" bec="0" bev="0" fileid="2" />
              </SequencePoints>
              <BranchPoints />
            </Method>
          </Methods>
        </Class>
      </Classes>
    </Module>
    <Module>
      <Summary numSequencePoints="136" visitedSequencePoints="0" numBranchPoints="0" visitedBranchPoints="0" sequenceCoverage="0.0" branchCoverage="0.0" maxCyclomaticComplexity="0" minCyclomaticComplexity="0" maxCrapScore="0" minCrapScore="0" visitedClasses="0" numClasses="10" visitedMethods="0" numMethods="27" />
      <ModuleTime>0001-01-01T00:00:00</ModuleTime>
      <ModuleName>Scripts</ModuleName>
      <Files>
        <File uid="3" fullPath="D:/Schule/m450-main/Projekt/CareGameM450/Assets/Scripits/Clean.cs" />
        <File uid="4" fullPath="D:/Schule/m450-main/Projekt/CareGameM450/Assets/Scripits/Difficulty.cs" />
        <File uid="5" fullPath="D:/Schule/m450-main/Projekt/CareGameM450/Assets/Scripits/GameOver.cs" />
        <File uid="6" fullPath="D:/Schule/m450-main/Projekt/CareGameM450/Assets/Scripits/MoveSpawner.cs" />
        <File uid="7" fullPath="D:/Schule/m450-main/Projekt/CareGameM450/Assets/Scripits/Obstacle.cs" />
        <File uid="8" fullPath="D:/Schule/m450-main/Projekt/CareGameM450/Assets/Scripits/PlayerMove.cs" />
        <File uid="9" fullPath="D:/Schule/m450-main/Projekt/CareGameM450/Assets/Scripits/Score.cs" />
        <File uid="10" fullPath="D:/Schule/m450-main/Projekt/CareGameM450/Assets/Scripits/Spawner.cs" />
      </Files>
      <Classes>
        <Class>
          <Summary numSequencePoints="3" visitedSequencePoints="0" numBranchPoints="0" visitedBranchPoints="0" sequenceCoverage="0.0" branchCoverage="0.0" maxCyclomaticComplexity="0" minCyclomaticComplexity="0" maxCrapScore="0" minCrapScore="0" visitedClasses="0" numClasses="1" visitedMethods="0" numMethods="1" />
          <FullName>Clean</FullName>
          <Methods>
            <Method visited="false" cyclomaticComplexity="0" nPathComplexity="0" sequenceCoverage="0.0" branchCoverage="0" crapScore="0" isConstructor="false" isStatic="false" isGetter="false" isSetter="false">
              <Summary numSequencePoints="3" visitedSequencePoints="0" numBranchPoints="0" visitedBranchPoints="0" sequenceCoverage="0.0" branchCoverage="0" maxCyclomaticComplexity="0" minCyclomaticComplexity="0" maxCrapScore="0" minCrapScore="0" visitedClasses="0" numClasses="0" visitedMethods="0" numMethods="1" />
              <MetadataToken>100663297</MetadataToken>
              <Name>System.Void Clean::OnTriggerEnter(UnityEngine.Collider)</Name>
              <FileRef uid="3" />
              <SequencePoints>
                <SequencePoint vc="0" uspid="860" ordinal="0" offset="0" sl="7" sc="0" el="7" ec="0" bec="0" bev="0" fileid="3" />
                <SequencePoint vc="0" uspid="861" ordinal="0" offset="1" sl="8" sc="0" el="8" ec="0" bec="0" bev="0" fileid="3" />
                <SequencePoint vc="0" uspid="862" ordinal="0" offset="13" sl="9" sc="0" el="9" ec="0" bec="0" bev="0" fileid="3" />
              </SequencePoints>
              <BranchPoints />
            </Method>
          </Methods>
        </Class>
        <Class>
          <Summary numSequencePoints="3" visitedSequencePoints="0" numBranchPoints="0" visitedBranchPoints="0" sequenceCoverage="0.0" branchCoverage="0.0" maxCyclomaticComplexity="0" minCyclomaticComplexity="0" maxCrapScore="0" minCrapScore="0" visitedClasses="0" numClasses="1" visitedMethods="0" numMethods="1" />
          <FullName>Difficulty</FullName>
          <Methods>
            <Method visited="false" cyclomaticComplexity="0" nPathComplexity="0" sequenceCoverage="0.0" branchCoverage="0" crapScore="0" isConstructor="false" isStatic="false" isGetter="false" isSetter="false">
              <Summary numSequencePoints="3" visitedSequencePoints="0" numBranchPoints="0" visitedBranchPoints="0" sequenceCoverage="0.0" branchCoverage="0" maxCyclomaticComplexity="0" minCyclomaticComplexity="0" maxCrapScore="0" minCrapScore="0" visitedClasses="0" numClasses="0" visitedMethods="0" numMethods="1" />
              <MetadataToken>100663299</MetadataToken>
              <Name>System.Void Difficulty::Start()</Name>
              <FileRef uid="4" />
              <SequencePoints>
                <SequencePoint vc="0" uspid="863" ordinal="0" offset="0" sl="11" sc="0" el="11" ec="0" bec="0" bev="0" fileid="4" />
                <SequencePoint vc="0" uspid="864" ordinal="0" offset="1" sl="12" sc="0" el="12" ec="0" bec="0" bev="0" fileid="4" />
                <SequencePoint vc="0" uspid="865" ordinal="0" offset="14" sl="13" sc="0" el="13" ec="0" bec="0" bev="0" fileid="4" />
              </SequencePoints>
              <BranchPoints />
            </Method>
          </Methods>
        </Class>
        <Class>
          <Summary numSequencePoints="14" visitedSequencePoints="0" numBranchPoints="0" visitedBranchPoints="0" sequenceCoverage="0.0" branchCoverage="0.0" maxCyclomaticComplexity="0" minCyclomaticComplexity="0" maxCrapScore="0" minCrapScore="0" visitedClasses="0" numClasses="1" visitedMethods="0" numMethods="3" />
          <FullName>GameOver</FullName>
          <Methods>
            <Method visited="false" cyclomaticComplexity="0" nPathComplexity="0" sequenceCoverage="0.0" branchCoverage="0" crapScore="0" isConstructor="false" isStatic="false" isGetter="false" isSetter="false">
              <Summary numSequencePoints="4" visitedSequencePoints="0" numBranchPoints="0" visitedBranchPoints="0" sequenceCoverage="0.0" branchCoverage="0" maxCyclomaticComplexity="0" minCyclomaticComplexity="0" maxCrapScore="0" minCrapScore="0" visitedClasses="0" numClasses="0" visitedMethods="0" numMethods="1" />
              <MetadataToken>100663302</MetadataToken>
              <Name>System.Void GameOver::Start()</Name>
              <FileRef uid="5" />
              <SequencePoints>
                <SequencePoint vc="0" uspid="866" ordinal="0" offset="0" sl="9" sc="0" el="9" ec="0" bec="0" bev="0" fileid="5" />
                <SequencePoint vc="0" uspid="867" ordinal="0" offset="1" sl="10" sc="0" el="10" ec="0" bec="0" bev="0" fileid="5" />
                <SequencePoint vc="0" uspid="868" ordinal="0" offset="14" sl="11" sc="0" el="11" ec="0" bec="0" bev="0" fileid="5" />
                <SequencePoint vc="0" uspid="869" ordinal="0" offset="25" sl="12" sc="0" el="12" ec="0" bec="0" bev="0" fileid="5" />
              </SequencePoints>
              <BranchPoints />
            </Method>
            <Method visited="false" cyclomaticComplexity="0" nPathComplexity="0" sequenceCoverage="0.0" branchCoverage="0" crapScore="0" isConstructor="false" isStatic="false" isGetter="false" isSetter="false">
              <Summary numSequencePoints="6" visitedSequencePoints="0" numBranchPoints="0" visitedBranchPoints="0" sequenceCoverage="0.0" branchCoverage="0" maxCyclomaticComplexity="0" minCyclomaticComplexity="0" maxCrapScore="0" minCrapScore="0" visitedClasses="0" numClasses="0" visitedMethods="0" numMethods="1" />
              <MetadataToken>100663303</MetadataToken>
              <Name>System.Void GameOver::StartGame()</Name>
              <FileRef uid="5" />
              <SequencePoints>
                <SequencePoint vc="0" uspid="870" ordinal="0" offset="0" sl="15" sc="0" el="15" ec="0" bec="0" bev="0" fileid="5" />
                <SequencePoint vc="0" uspid="871" ordinal="0" offset="1" sl="16" sc="0" el="16" ec="0" bec="0" bev="0" fileid="5" />
                <SequencePoint vc="0" uspid="872" ordinal="0" offset="12" sl="17" sc="0" el="17" ec="0" bec="0" bev="0" fileid="5" />
                <SequencePoint vc="0" uspid="873" ordinal="0" offset="25" sl="18" sc="0" el="18" ec="0" bec="0" bev="0" fileid="5" />
                <SequencePoint vc="0" uspid="874" ordinal="0" offset="38" sl="19" sc="0" el="19" ec="0" bec="0" bev="0" fileid="5" />
                <SequencePoint vc="0" uspid="875" ordinal="0" offset="49" sl="20" sc="0" el="20" ec="0" bec="0" bev="0" fileid="5" />
              </SequencePoints>
              <BranchPoints />
            </Method>
            <Method visited="false" cyclomaticComplexity="0" nPathComplexity="0" sequenceCoverage="0.0" branchCoverage="0" crapScore="0" isConstructor="false" isStatic="false" isGetter="false" isSetter="false">
              <Summary numSequencePoints="4" visitedSequencePoints="0" numBranchPoints="0" visitedBranchPoints="0" sequenceCoverage="0.0" branchCoverage="0" maxCyclomaticComplexity="0" minCyclomaticComplexity="0" maxCrapScore="0" minCrapScore="0" visitedClasses="0" numClasses="0" visitedMethods="0" numMethods="1" />
              <MetadataToken>100663304</MetadataToken>
              <Name>System.Void GameOver::GameEnd()</Name>
              <FileRef uid="5" />
              <SequencePoints>
                <SequencePoint vc="0" uspid="876" ordinal="0" offset="0" sl="22" sc="0" el="22" ec="0" bec="0" bev="0" fileid="5" />
                <SequencePoint vc="0" uspid="877" ordinal="0" offset="1" sl="23" sc="0" el="23" ec="0" bec="0" bev="0" fileid="5" />
                <SequencePoint vc="0" uspid="878" ordinal="0" offset="12" sl="24" sc="0" el="24" ec="0" bec="0" bev="0" fileid="5" />
                <SequencePoint vc="0" uspid="879" ordinal="0" offset="31" sl="25" sc="0" el="25" ec="0" bec="0" bev="0" fileid="5" />
              </SequencePoints>
              <BranchPoints />
            </Method>
          </Methods>
        </Class>
        <Class>
          <Summary numSequencePoints="24" visitedSequencePoints="0" numBranchPoints="0" visitedBranchPoints="0" sequenceCoverage="0.0" branchCoverage="0.0" maxCyclomaticComplexity="0" minCyclomaticComplexity="0" maxCrapScore="0" minCrapScore="0" visitedClasses="0" numClasses="1" visitedMethods="0" numMethods="4" />
          <FullName>MoveSpawner</FullName>
          <Methods>
            <Method visited="false" cyclomaticComplexity="0" nPathComplexity="0" sequenceCoverage="0.0" branchCoverage="0" crapScore="0" isConstructor="false" isStatic="false" isGetter="false" isSetter="false">
              <Summary numSequencePoints="4" visitedSequencePoints="0" numBranchPoints="0" visitedBranchPoints="0" sequenceCoverage="0.0" branchCoverage="0" maxCyclomaticComplexity="0" minCyclomaticComplexity="0" maxCrapScore="0" minCrapScore="0" visitedClasses="0" numClasses="0" visitedMethods="0" numMethods="1" />
              <MetadataToken>100663306</MetadataToken>
              <Name>System.Void MoveSpawner::Start()</Name>
              <FileRef uid="6" />
              <SequencePoints>
                <SequencePoint vc="0" uspid="880" ordinal="0" offset="0" sl="15" sc="0" el="15" ec="0" bec="0" bev="0" fileid="6" />
                <SequencePoint vc="0" uspid="881" ordinal="0" offset="1" sl="16" sc="0" el="16" ec="0" bec="0" bev="0" fileid="6" />
                <SequencePoint vc="0" uspid="882" ordinal="0" offset="13" sl="17" sc="0" el="17" ec="0" bec="0" bev="0" fileid="6" />
                <SequencePoint vc="0" uspid="883" ordinal="0" offset="20" sl="18" sc="0" el="18" ec="0" bec="0" bev="0" fileid="6" />
              </SequencePoints>
              <BranchPoints />
            </Method>
            <Method visited="false" cyclomaticComplexity="0" nPathComplexity="0" sequenceCoverage="0.0" branchCoverage="0" crapScore="0" isConstructor="false" isStatic="false" isGetter="false" isSetter="false">
              <Summary numSequencePoints="7" visitedSequencePoints="0" numBranchPoints="0" visitedBranchPoints="0" sequenceCoverage="0.0" branchCoverage="0" maxCyclomaticComplexity="0" minCyclomaticComplexity="0" maxCrapScore="0" minCrapScore="0" visitedClasses="0" numClasses="0" visitedMethods="0" numMethods="1" />
              <MetadataToken>100663307</MetadataToken>
              <Name>System.Void MoveSpawner::Update()</Name>
              <FileRef uid="6" />
              <SequencePoints>
                <SequencePoint vc="0" uspid="884" ordinal="0" offset="0" sl="22" sc="0" el="22" ec="0" bec="0" bev="0" fileid="6" />
                <SequencePoint vc="0" uspid="885" ordinal="0" offset="1" sl="23" sc="0" el="23" ec="0" bec="0" bev="0" fileid="6" />
                <SequencePoint vc="0" uspid="886" ordinal="0" offset="78" sl="24" sc="0" el="24" ec="0" bec="0" bev="0" fileid="6" />
                <SequencePoint vc="0" uspid="887" ordinal="0" offset="79" sl="25" sc="0" el="25" ec="0" bec="0" bev="0" fileid="6" />
                <SequencePoint vc="0" uspid="888" ordinal="0" offset="86" sl="26" sc="0" el="26" ec="0" bec="0" bev="0" fileid="6" />
                <SequencePoint vc="0" uspid="889" ordinal="0" offset="87" sl="28" sc="0" el="28" ec="0" bec="0" bev="0" fileid="6" />
                <SequencePoint vc="0" uspid="890" ordinal="0" offset="120" sl="29" sc="0" el="29" ec="0" bec="0" bev="0" fileid="6" />
              </SequencePoints>
              <BranchPoints />
            </Method>
            <Method visited="false" cyclomaticComplexity="0" nPathComplexity="0" sequenceCoverage="0.0" branchCoverage="0" crapScore="0" isConstructor="false" isStatic="false" isGetter="false" isSetter="false">
              <Summary numSequencePoints="12" visitedSequencePoints="0" numBranchPoints="0" visitedBranchPoints="0" sequenceCoverage="0.0" branchCoverage="0" maxCyclomaticComplexity="0" minCyclomaticComplexity="0" maxCrapScore="0" minCrapScore="0" visitedClasses="0" numClasses="0" visitedMethods="0" numMethods="1" />
              <MetadataToken>100663308</MetadataToken>
              <Name>System.Void MoveSpawner::Randomize()</Name>
              <FileRef uid="6" />
              <SequencePoints>
                <SequencePoint vc="0" uspid="891" ordinal="0" offset="0" sl="32" sc="0" el="32" ec="0" bec="0" bev="0" fileid="6" />
                <SequencePoint vc="0" uspid="892" ordinal="0" offset="1" sl="33" sc="0" el="33" ec="0" bec="0" bev="0" fileid="6" />
                <SequencePoint vc="0" uspid="893" ordinal="0" offset="34" sl="34" sc="0" el="34" ec="0" bec="0" bev="0" fileid="6" />
                <SequencePoint vc="0" uspid="894" ordinal="0" offset="58" sl="36" sc="0" el="36" ec="0" bec="0" bev="0" fileid="6" />
                <SequencePoint vc="0" uspid="895" ordinal="0" offset="89" sl="37" sc="0" el="37" ec="0" bec="0" bev="0" fileid="6" />
                <SequencePoint vc="0" uspid="896" ordinal="0" offset="90" sl="38" sc="0" el="38" ec="0" bec="0" bev="0" fileid="6" />
                <SequencePoint vc="0" uspid="897" ordinal="0" offset="97" sl="39" sc="0" el="39" ec="0" bec="0" bev="0" fileid="6" />
                <SequencePoint vc="0" uspid="898" ordinal="0" offset="100" sl="40" sc="0" el="40" ec="0" bec="0" bev="0" fileid="6" />
                <SequencePoint vc="0" uspid="899" ordinal="0" offset="101" sl="41" sc="0" el="41" ec="0" bec="0" bev="0" fileid="6" />
                <SequencePoint vc="0" uspid="900" ordinal="0" offset="108" sl="42" sc="0" el="42" ec="0" bec="0" bev="0" fileid="6" />
                <SequencePoint vc="0" uspid="901" ordinal="0" offset="121" sl="43" sc="0" el="43" ec="0" bec="0" bev="0" fileid="6" />
                <SequencePoint vc="0" uspid="902" ordinal="0" offset="122" sl="44" sc="0" el="44" ec="0" bec="0" bev="0" fileid="6" />
              </SequencePoints>
              <BranchPoints />
            </Method>
            <Method visited="false" cyclomaticComplexity="0" nPathComplexity="0" sequenceCoverage="0.0" branchCoverage="0" crapScore="0" isConstructor="true" isStatic="false" isGetter="false" isSetter="false">
              <Summary numSequencePoints="1" visitedSequencePoints="0" numBranchPoints="0" visitedBranchPoints="0" sequenceCoverage="0.0" branchCoverage="0" maxCyclomaticComplexity="0" minCyclomaticComplexity="0" maxCrapScore="0" minCrapScore="0" visitedClasses="0" numClasses="0" visitedMethods="0" numMethods="1" />
              <MetadataToken>100663309</MetadataToken>
              <Name>MoveSpawner::MoveSpawner()</Name>
              <FileRef uid="6" />
              <SequencePoints>
                <SequencePoint vc="0" uspid="903" ordinal="0" offset="0" sl="8" sc="5" el="8" ec="5" bec="0" bev="0" fileid="6" />
              </SequencePoints>
              <BranchPoints />
            </Method>
          </Methods>
        </Class>
        <Class>
          <Summary numSequencePoints="7" visitedSequencePoints="0" numBranchPoints="0" visitedBranchPoints="0" sequenceCoverage="0.0" branchCoverage="0.0" maxCyclomaticComplexity="0" minCyclomaticComplexity="0" maxCrapScore="0" minCrapScore="0" visitedClasses="0" numClasses="1" visitedMethods="0" numMethods="3" />
          <FullName>Obstacle</FullName>
          <Methods>
            <Method visited="false" cyclomaticComplexity="0" nPathComplexity="0" sequenceCoverage="0.0" branchCoverage="0" crapScore="0" isConstructor="false" isStatic="false" isGetter="false" isSetter="false">
              <Summary numSequencePoints="3" visitedSequencePoints="0" numBranchPoints="0" visitedBranchPoints="0" sequenceCoverage="0.0" branchCoverage="0" maxCyclomaticComplexity="0" minCyclomaticComplexity="0" maxCrapScore="0" minCrapScore="0" visitedClasses="0" numClasses="0" visitedMethods="0" numMethods="1" />
              <MetadataToken>100663310</MetadataToken>
              <Name>System.Void Obstacle::Start()</Name>
              <FileRef uid="7" />
              <SequencePoints>
                <SequencePoint vc="0" uspid="904" ordinal="0" offset="0" sl="10" sc="0" el="10" ec="0" bec="0" bev="0" fileid="7" />
                <SequencePoint vc="0" uspid="905" ordinal="0" offset="1" sl="11" sc="0" el="11" ec="0" bec="0" bev="0" fileid="7" />
                <SequencePoint vc="0" uspid="906" ordinal="0" offset="13" sl="12" sc="0" el="12" ec="0" bec="0" bev="0" fileid="7" />
              </SequencePoints>
              <BranchPoints />
            </Method>
            <Method visited="false" cyclomaticComplexity="0" nPathComplexity="0" sequenceCoverage="0.0" branchCoverage="0" crapScore="0" isConstructor="false" isStatic="false" isGetter="false" isSetter="false">
              <Summary numSequencePoints="3" visitedSequencePoints="0" numBranchPoints="0" visitedBranchPoints="0" sequenceCoverage="0.0" branchCoverage="0" maxCyclomaticComplexity="0" minCyclomaticComplexity="0" maxCrapScore="0" minCrapScore="0" visitedClasses="0" numClasses="0" visitedMethods="0" numMethods="1" />
              <MetadataToken>100663311</MetadataToken>
              <Name>System.Void Obstacle::Update()</Name>
              <FileRef uid="7" />
              <SequencePoints>
                <SequencePoint vc="0" uspid="907" ordinal="0" offset="0" sl="15" sc="0" el="15" ec="0" bec="0" bev="0" fileid="7" />
                <SequencePoint vc="0" uspid="908" ordinal="0" offset="1" sl="16" sc="0" el="16" ec="0" bec="0" bev="0" fileid="7" />
                <SequencePoint vc="0" uspid="909" ordinal="0" offset="41" sl="17" sc="0" el="17" ec="0" bec="0" bev="0" fileid="7" />
              </SequencePoints>
              <BranchPoints />
            </Method>
            <Method visited="false" cyclomaticComplexity="0" nPathComplexity="0" sequenceCoverage="0.0" branchCoverage="0" crapScore="0" isConstructor="true" isStatic="false" isGetter="false" isSetter="false">
              <Summary numSequencePoints="1" visitedSequencePoints="0" numBranchPoints="0" visitedBranchPoints="0" sequenceCoverage="0.0" branchCoverage="0" maxCyclomaticComplexity="0" minCyclomaticComplexity="0" maxCrapScore="0" minCrapScore="0" visitedClasses="0" numClasses="0" visitedMethods="0" numMethods="1" />
              <MetadataToken>100663312</MetadataToken>
              <Name>Obstacle::Obstacle()</Name>
              <FileRef uid="7" />
              <SequencePoints>
                <SequencePoint vc="0" uspid="910" ordinal="0" offset="0" sl="8" sc="5" el="8" ec="5" bec="0" bev="0" fileid="7" />
              </SequencePoints>
              <BranchPoints />
            </Method>
          </Methods>
        </Class>
        <Class>
          <Summary numSequencePoints="14" visitedSequencePoints="0" numBranchPoints="0" visitedBranchPoints="0" sequenceCoverage="0.0" branchCoverage="0.0" maxCyclomaticComplexity="0" minCyclomaticComplexity="0" maxCrapScore="0" minCrapScore="0" visitedClasses="0" numClasses="1" visitedMethods="0" numMethods="4" />
          <FullName>PlayerMove</FullName>
          <Methods>
            <Method visited="false" cyclomaticComplexity="0" nPathComplexity="0" sequenceCoverage="0.0" branchCoverage="0" crapScore="0" isConstructor="false" isStatic="false" isGetter="false" isSetter="false">
              <Summary numSequencePoints="3" visitedSequencePoints="0" numBranchPoints="0" visitedBranchPoints="0" sequenceCoverage="0.0" branchCoverage="0" maxCyclomaticComplexity="0" minCyclomaticComplexity="0" maxCrapScore="0" minCrapScore="0" visitedClasses="0" numClasses="0" visitedMethods="0" numMethods="1" />
              <MetadataToken>100663313</MetadataToken>
              <Name>System.Void PlayerMove::Start()</Name>
              <FileRef uid="8" />
              <SequencePoints>
                <SequencePoint vc="0" uspid="911" ordinal="0" offset="0" sl="10" sc="0" el="10" ec="0" bec="0" bev="0" fileid="8" />
                <SequencePoint vc="0" uspid="912" ordinal="0" offset="1" sl="11" sc="0" el="11" ec="0" bec="0" bev="0" fileid="8" />
                <SequencePoint vc="0" uspid="913" ordinal="0" offset="13" sl="12" sc="0" el="12" ec="0" bec="0" bev="0" fileid="8" />
              </SequencePoints>
              <BranchPoints />
            </Method>
            <Method visited="false" cyclomaticComplexity="0" nPathComplexity="0" sequenceCoverage="0.0" branchCoverage="0" crapScore="0" isConstructor="false" isStatic="false" isGetter="false" isSetter="false">
              <Summary numSequencePoints="4" visitedSequencePoints="0" numBranchPoints="0" visitedBranchPoints="0" sequenceCoverage="0.0" branchCoverage="0" maxCyclomaticComplexity="0" minCyclomaticComplexity="0" maxCrapScore="0" minCrapScore="0" visitedClasses="0" numClasses="0" visitedMethods="0" numMethods="1" />
              <MetadataToken>100663314</MetadataToken>
              <Name>System.Void PlayerMove::Update()</Name>
              <FileRef uid="8" />
              <SequencePoints>
                <SequencePoint vc="0" uspid="914" ordinal="0" offset="0" sl="15" sc="0" el="15" ec="0" bec="0" bev="0" fileid="8" />
                <SequencePoint vc="0" uspid="915" ordinal="0" offset="1" sl="16" sc="0" el="16" ec="0" bec="0" bev="0" fileid="8" />
                <SequencePoint vc="0" uspid="916" ordinal="0" offset="28" sl="17" sc="0" el="17" ec="0" bec="0" bev="0" fileid="8" />
                <SequencePoint vc="0" uspid="917" ordinal="0" offset="62" sl="18" sc="0" el="18" ec="0" bec="0" bev="0" fileid="8" />
              </SequencePoints>
              <BranchPoints />
            </Method>
            <Method visited="false" cyclomaticComplexity="0" nPathComplexity="0" sequenceCoverage="0.0" branchCoverage="0" crapScore="0" isConstructor="false" isStatic="false" isGetter="false" isSetter="false">
              <Summary numSequencePoints="6" visitedSequencePoints="0" numBranchPoints="0" visitedBranchPoints="0" sequenceCoverage="0.0" branchCoverage="0" maxCyclomaticComplexity="0" minCyclomaticComplexity="0" maxCrapScore="0" minCrapScore="0" visitedClasses="0" numClasses="0" visitedMethods="0" numMethods="1" />
              <MetadataToken>100663315</MetadataToken>
              <Name>System.Void PlayerMove::OnTriggerEnter(UnityEngine.Collider)</Name>
              <FileRef uid="8" />
              <SequencePoints>
                <SequencePoint vc="0" uspid="918" ordinal="0" offset="0" sl="20" sc="0" el="20" ec="0" bec="0" bev="0" fileid="8" />
                <SequencePoint vc="0" uspid="919" ordinal="0" offset="1" sl="21" sc="0" el="21" ec="0" bec="0" bev="0" fileid="8" />
                <SequencePoint vc="0" uspid="920" ordinal="0" offset="21" sl="22" sc="0" el="22" ec="0" bec="0" bev="0" fileid="8" />
                <SequencePoint vc="0" uspid="921" ordinal="0" offset="22" sl="23" sc="0" el="23" ec="0" bec="0" bev="0" fileid="8" />
                <SequencePoint vc="0" uspid="922" ordinal="0" offset="33" sl="24" sc="0" el="24" ec="0" bec="0" bev="0" fileid="8" />
                <SequencePoint vc="0" uspid="923" ordinal="0" offset="34" sl="25" sc="0" el="25" ec="0" bec="0" bev="0" fileid="8" />
              </SequencePoints>
              <BranchPoints />
            </Method>
            <Method visited="false" cyclomaticComplexity="0" nPathComplexity="0" sequenceCoverage="0.0" branchCoverage="0" crapScore="0" isConstructor="true" isStatic="false" isGetter="false" isSetter="false">
              <Summary numSequencePoints="1" visitedSequencePoints="0" numBranchPoints="0" visitedBranchPoints="0" sequenceCoverage="0.0" branchCoverage="0" maxCyclomaticComplexity="0" minCyclomaticComplexity="0" maxCrapScore="0" minCrapScore="0" visitedClasses="0" numClasses="0" visitedMethods="0" numMethods="1" />
              <MetadataToken>100663316</MetadataToken>
              <Name>PlayerMove::PlayerMove()</Name>
              <FileRef uid="8" />
              <SequencePoints>
                <SequencePoint vc="0" uspid="924" ordinal="0" offset="0" sl="6" sc="5" el="6" ec="5" bec="0" bev="0" fileid="8" />
              </SequencePoints>
              <BranchPoints />
            </Method>
          </Methods>
        </Class>
        <Class>
          <Summary numSequencePoints="24" visitedSequencePoints="0" numBranchPoints="0" visitedBranchPoints="0" sequenceCoverage="0.0" branchCoverage="0.0" maxCyclomaticComplexity="0" minCyclomaticComplexity="0" maxCrapScore="0" minCrapScore="0" visitedClasses="0" numClasses="1" visitedMethods="0" numMethods="5" />
          <FullName>Score</FullName>
          <Methods>
            <Method visited="false" cyclomaticComplexity="0" nPathComplexity="0" sequenceCoverage="0.0" branchCoverage="0" crapScore="0" isConstructor="false" isStatic="false" isGetter="false" isSetter="false">
              <Summary numSequencePoints="6" visitedSequencePoints="0" numBranchPoints="0" visitedBranchPoints="0" sequenceCoverage="0.0" branchCoverage="0" maxCyclomaticComplexity="0" minCyclomaticComplexity="0" maxCrapScore="0" minCrapScore="0" visitedClasses="0" numClasses="0" visitedMethods="0" numMethods="1" />
              <MetadataToken>100663317</MetadataToken>
              <Name>System.Void Score::Start()</Name>
              <FileRef uid="9" />
              <SequencePoints>
                <SequencePoint vc="0" uspid="925" ordinal="0" offset="0" sl="15" sc="0" el="15" ec="0" bec="0" bev="0" fileid="9" />
                <SequencePoint vc="0" uspid="926" ordinal="0" offset="1" sl="16" sc="0" el="16" ec="0" bec="0" bev="0" fileid="9" />
                <SequencePoint vc="0" uspid="927" ordinal="0" offset="17" sl="17" sc="0" el="17" ec="0" bec="0" bev="0" fileid="9" />
                <SequencePoint vc="0" uspid="928" ordinal="0" offset="33" sl="19" sc="0" el="19" ec="0" bec="0" bev="0" fileid="9" />
                <SequencePoint vc="0" uspid="929" ordinal="0" offset="66" sl="20" sc="0" el="20" ec="0" bec="0" bev="0" fileid="9" />
                <SequencePoint vc="0" uspid="930" ordinal="0" offset="99" sl="21" sc="0" el="21" ec="0" bec="0" bev="0" fileid="9" />
              </SequencePoints>
              <BranchPoints />
            </Method>
            <Method visited="false" cyclomaticComplexity="0" nPathComplexity="0" sequenceCoverage="0.0" branchCoverage="0" crapScore="0" isConstructor="false" isStatic="false" isGetter="false" isSetter="false">
              <Summary numSequencePoints="3" visitedSequencePoints="0" numBranchPoints="0" visitedBranchPoints="0" sequenceCoverage="0.0" branchCoverage="0" maxCyclomaticComplexity="0" minCyclomaticComplexity="0" maxCrapScore="0" minCrapScore="0" visitedClasses="0" numClasses="0" visitedMethods="0" numMethods="1" />
              <MetadataToken>100663318</MetadataToken>
              <Name>System.Void Score::Update()</Name>
              <FileRef uid="9" />
              <SequencePoints>
                <SequencePoint vc="0" uspid="931" ordinal="0" offset="0" sl="24" sc="0" el="24" ec="0" bec="0" bev="0" fileid="9" />
                <SequencePoint vc="0" uspid="932" ordinal="0" offset="1" sl="25" sc="0" el="25" ec="0" bec="0" bev="0" fileid="9" />
                <SequencePoint vc="0" uspid="933" ordinal="0" offset="24" sl="26" sc="0" el="26" ec="0" bec="0" bev="0" fileid="9" />
              </SequencePoints>
              <BranchPoints />
            </Method>
            <Method visited="false" cyclomaticComplexity="0" nPathComplexity="0" sequenceCoverage="0.0" branchCoverage="0" crapScore="0" isConstructor="false" isStatic="false" isGetter="false" isSetter="false">
              <Summary numSequencePoints="4" visitedSequencePoints="0" numBranchPoints="0" visitedBranchPoints="0" sequenceCoverage="0.0" branchCoverage="0" maxCyclomaticComplexity="0" minCyclomaticComplexity="0" maxCrapScore="0" minCrapScore="0" visitedClasses="0" numClasses="0" visitedMethods="0" numMethods="1" />
              <MetadataToken>100663319</MetadataToken>
              <Name>System.Void Score::ResetScore()</Name>
              <FileRef uid="9" />
              <SequencePoints>
                <SequencePoint vc="0" uspid="934" ordinal="0" offset="0" sl="29" sc="0" el="29" ec="0" bec="0" bev="0" fileid="9" />
                <SequencePoint vc="0" uspid="935" ordinal="0" offset="1" sl="30" sc="0" el="30" ec="0" bec="0" bev="0" fileid="9" />
                <SequencePoint vc="0" uspid="936" ordinal="0" offset="8" sl="31" sc="0" el="31" ec="0" bec="0" bev="0" fileid="9" />
                <SequencePoint vc="0" uspid="937" ordinal="0" offset="25" sl="32" sc="0" el="32" ec="0" bec="0" bev="0" fileid="9" />
              </SequencePoints>
              <BranchPoints />
            </Method>
            <Method visited="false" cyclomaticComplexity="0" nPathComplexity="0" sequenceCoverage="0.0" branchCoverage="0" crapScore="0" isConstructor="false" isStatic="false" isGetter="false" isSetter="false">
              <Summary numSequencePoints="3" visitedSequencePoints="0" numBranchPoints="0" visitedBranchPoints="0" sequenceCoverage="0.0" branchCoverage="0" maxCyclomaticComplexity="0" minCyclomaticComplexity="0" maxCrapScore="0" minCrapScore="0" visitedClasses="0" numClasses="0" visitedMethods="0" numMethods="1" />
              <MetadataToken>100663320</MetadataToken>
              <Name>System.Void Score::AddScore()</Name>
              <FileRef uid="9" />
              <SequencePoints>
                <SequencePoint vc="0" uspid="938" ordinal="0" offset="0" sl="35" sc="0" el="35" ec="0" bec="0" bev="0" fileid="9" />
                <SequencePoint vc="0" uspid="939" ordinal="0" offset="1" sl="36" sc="0" el="36" ec="0" bec="0" bev="0" fileid="9" />
                <SequencePoint vc="0" uspid="940" ordinal="0" offset="15" sl="37" sc="0" el="37" ec="0" bec="0" bev="0" fileid="9" />
              </SequencePoints>
              <BranchPoints />
            </Method>
            <Method visited="false" cyclomaticComplexity="0" nPathComplexity="0" sequenceCoverage="0.0" branchCoverage="0" crapScore="0" isConstructor="false" isStatic="false" isGetter="false" isSetter="false">
              <Summary numSequencePoints="8" visitedSequencePoints="0" numBranchPoints="0" visitedBranchPoints="0" sequenceCoverage="0.0" branchCoverage="0" maxCyclomaticComplexity="0" minCyclomaticComplexity="0" maxCrapScore="0" minCrapScore="0" visitedClasses="0" numClasses="0" visitedMethods="0" numMethods="1" />
              <MetadataToken>100663321</MetadataToken>
              <Name>System.Void Score::SaveScore()</Name>
              <FileRef uid="9" />
              <SequencePoints>
                <SequencePoint vc="0" uspid="941" ordinal="0" offset="0" sl="40" sc="0" el="40" ec="0" bec="0" bev="0" fileid="9" />
                <SequencePoint vc="0" uspid="942" ordinal="0" offset="1" sl="41" sc="0" el="41" ec="0" bec="0" bev="0" fileid="9" />
                <SequencePoint vc="0" uspid="943" ordinal="0" offset="19" sl="42" sc="0" el="42" ec="0" bec="0" bev="0" fileid="9" />
                <SequencePoint vc="0" uspid="944" ordinal="0" offset="20" sl="43" sc="0" el="43" ec="0" bec="0" bev="0" fileid="9" />
                <SequencePoint vc="0" uspid="945" ordinal="0" offset="32" sl="44" sc="0" el="44" ec="0" bec="0" bev="0" fileid="9" />
                <SequencePoint vc="0" uspid="946" ordinal="0" offset="49" sl="45" sc="0" el="45" ec="0" bec="0" bev="0" fileid="9" />
                <SequencePoint vc="0" uspid="947" ordinal="0" offset="50" sl="46" sc="0" el="46" ec="0" bec="0" bev="0" fileid="9" />
                <SequencePoint vc="0" uspid="948" ordinal="0" offset="67" sl="47" sc="0" el="47" ec="0" bec="0" bev="0" fileid="9" />
              </SequencePoints>
              <BranchPoints />
            </Method>
          </Methods>
        </Class>
        <Class>
          <Summary numSequencePoints="26" visitedSequencePoints="0" numBranchPoints="0" visitedBranchPoints="0" sequenceCoverage="0.0" branchCoverage="0.0" maxCyclomaticComplexity="0" minCyclomaticComplexity="0" maxCrapScore="0" minCrapScore="0" visitedClasses="0" numClasses="1" visitedMethods="0" numMethods="4" />
          <FullName>Spawner</FullName>
          <Methods>
            <Method visited="false" cyclomaticComplexity="0" nPathComplexity="0" sequenceCoverage="0.0" branchCoverage="0" crapScore="0" isConstructor="false" isStatic="false" isGetter="false" isSetter="false">
              <Summary numSequencePoints="3" visitedSequencePoints="0" numBranchPoints="0" visitedBranchPoints="0" sequenceCoverage="0.0" branchCoverage="0" maxCyclomaticComplexity="0" minCyclomaticComplexity="0" maxCrapScore="0" minCrapScore="0" visitedClasses="0" numClasses="0" visitedMethods="0" numMethods="1" />
              <MetadataToken>100663323</MetadataToken>
              <Name>System.Void Spawner::Start()</Name>
              <FileRef uid="10" />
              <SequencePoints>
                <SequencePoint vc="0" uspid="949" ordinal="0" offset="0" sl="19" sc="0" el="19" ec="0" bec="0" bev="0" fileid="10" />
                <SequencePoint vc="0" uspid="950" ordinal="0" offset="1" sl="20" sc="0" el="20" ec="0" bec="0" bev="0" fileid="10" />
                <SequencePoint vc="0" uspid="951" ordinal="0" offset="13" sl="21" sc="0" el="21" ec="0" bec="0" bev="0" fileid="10" />
              </SequencePoints>
              <BranchPoints />
            </Method>
            <Method visited="false" cyclomaticComplexity="0" nPathComplexity="0" sequenceCoverage="0.0" branchCoverage="0" crapScore="0" isConstructor="false" isStatic="false" isGetter="false" isSetter="false">
              <Summary numSequencePoints="3" visitedSequencePoints="0" numBranchPoints="0" visitedBranchPoints="0" sequenceCoverage="0.0" branchCoverage="0" maxCyclomaticComplexity="0" minCyclomaticComplexity="0" maxCrapScore="0" minCrapScore="0" visitedClasses="0" numClasses="0" visitedMethods="0" numMethods="1" />
              <MetadataToken>100663324</MetadataToken>
              <Name>System.Single Spawner::RandomSpawnTime()</Name>
              <FileRef uid="10" />
              <SequencePoints>
                <SequencePoint vc="0" uspid="952" ordinal="0" offset="0" sl="24" sc="0" el="24" ec="0" bec="0" bev="0" fileid="10" />
                <SequencePoint vc="0" uspid="953" ordinal="0" offset="1" sl="25" sc="0" el="25" ec="0" bec="0" bev="0" fileid="10" />
                <SequencePoint vc="0" uspid="954" ordinal="0" offset="31" sl="26" sc="0" el="26" ec="0" bec="0" bev="0" fileid="10" />
              </SequencePoints>
              <BranchPoints />
            </Method>
            <Method visited="false" cyclomaticComplexity="0" nPathComplexity="0" sequenceCoverage="0.0" branchCoverage="0" crapScore="0" isConstructor="false" isStatic="false" isGetter="false" isSetter="false">
              <Summary numSequencePoints="9" visitedSequencePoints="0" numBranchPoints="0" visitedBranchPoints="0" sequenceCoverage="0.0" branchCoverage="0" maxCyclomaticComplexity="0" minCyclomaticComplexity="0" maxCrapScore="0" minCrapScore="0" visitedClasses="0" numClasses="0" visitedMethods="0" numMethods="1" />
              <MetadataToken>100663325</MetadataToken>
              <Name>System.Void Spawner::Update()</Name>
              <FileRef uid="10" />
              <SequencePoints>
                <SequencePoint vc="0" uspid="955" ordinal="0" offset="0" sl="29" sc="0" el="29" ec="0" bec="0" bev="0" fileid="10" />
                <SequencePoint vc="0" uspid="956" ordinal="0" offset="1" sl="30" sc="0" el="30" ec="0" bec="0" bev="0" fileid="10" />
                <SequencePoint vc="0" uspid="957" ordinal="0" offset="19" sl="32" sc="0" el="32" ec="0" bec="0" bev="0" fileid="10" />
                <SequencePoint vc="0" uspid="958" ordinal="0" offset="40" sl="33" sc="0" el="33" ec="0" bec="0" bev="0" fileid="10" />
                <SequencePoint vc="0" uspid="959" ordinal="0" offset="41" sl="34" sc="0" el="34" ec="0" bec="0" bev="0" fileid="10" />
                <SequencePoint vc="0" uspid="960" ordinal="0" offset="52" sl="35" sc="0" el="35" ec="0" bec="0" bev="0" fileid="10" />
                <SequencePoint vc="0" uspid="961" ordinal="0" offset="64" sl="36" sc="0" el="36" ec="0" bec="0" bev="0" fileid="10" />
                <SequencePoint vc="0" uspid="962" ordinal="0" offset="77" sl="37" sc="0" el="37" ec="0" bec="0" bev="0" fileid="10" />
                <SequencePoint vc="0" uspid="963" ordinal="0" offset="78" sl="38" sc="0" el="38" ec="0" bec="0" bev="0" fileid="10" />
              </SequencePoints>
              <BranchPoints />
            </Method>
            <Method visited="false" cyclomaticComplexity="0" nPathComplexity="0" sequenceCoverage="0.0" branchCoverage="0" crapScore="0" isConstructor="false" isStatic="false" isGetter="false" isSetter="false">
              <Summary numSequencePoints="11" visitedSequencePoints="0" numBranchPoints="0" visitedBranchPoints="0" sequenceCoverage="0.0" branchCoverage="0" maxCyclomaticComplexity="0" minCyclomaticComplexity="0" maxCrapScore="0" minCrapScore="0" visitedClasses="0" numClasses="0" visitedMethods="0" numMethods="1" />
              <MetadataToken>100663327</MetadataToken>
              <Name>System.Void Spawner::Reshuffle()</Name>
              <FileRef uid="10" />
              <SequencePoints>
                <SequencePoint vc="0" uspid="964" ordinal="0" offset="0" sl="55" sc="29" el="55" ec="29" bec="0" bev="0" fileid="10" />
                <SequencePoint vc="0" uspid="965" ordinal="0" offset="1" sl="56" sc="14" el="56" ec="14" bec="0" bev="0" fileid="10" />
                <SequencePoint vc="0" uspid="966" ordinal="0" offset="5" sl="56" sc="54" el="56" ec="54" bec="0" bev="0" fileid="10" />
                <SequencePoint vc="0" uspid="967" ordinal="0" offset="6" sl="57" sc="13" el="57" ec="13" bec="0" bev="0" fileid="10" />
                <SequencePoint vc="0" uspid="968" ordinal="0" offset="15" sl="58" sc="13" el="58" ec="13" bec="0" bev="0" fileid="10" />
                <SequencePoint vc="0" uspid="969" ordinal="0" offset="30" sl="59" sc="13" el="59" ec="13" bec="0" bev="0" fileid="10" />
                <SequencePoint vc="0" uspid="970" ordinal="0" offset="46" sl="60" sc="13" el="60" ec="13" bec="0" bev="0" fileid="10" />
                <SequencePoint vc="0" uspid="971" ordinal="0" offset="55" sl="61" sc="9" el="61" ec="9" bec="0" bev="0" fileid="10" />
                <SequencePoint vc="0" uspid="972" ordinal="0" offset="56" sl="56" sc="49" el="56" ec="49" bec="0" bev="0" fileid="10" />
                <SequencePoint vc="0" uspid="973" ordinal="0" offset="60" sl="56" sc="25" el="56" ec="25" bec="0" bev="0" fileid="10" />
                <SequencePoint vc="0" uspid="974" ordinal="0" offset="75" sl="62" sc="5" el="62" ec="5" bec="0" bev="0" fileid="10" />
              </SequencePoints>
              <BranchPoints />
            </Method>
          </Methods>
        </Class>
        <Class>
          <Summary numSequencePoints="6" visitedSequencePoints="0" numBranchPoints="0" visitedBranchPoints="0" sequenceCoverage="0.0" branchCoverage="0.0" maxCyclomaticComplexity="0" minCyclomaticComplexity="0" maxCrapScore="0" minCrapScore="0" visitedClasses="0" numClasses="1" visitedMethods="0" numMethods="1" />
          <FullName>Difficulty/&lt;IncreaseSpeed&gt;d__4</FullName>
          <Methods>
            <Method visited="false" cyclomaticComplexity="0" nPathComplexity="0" sequenceCoverage="0.0" branchCoverage="0" crapScore="0" isConstructor="false" isStatic="false" isGetter="false" isSetter="false">
              <Summary numSequencePoints="6" visitedSequencePoints="0" numBranchPoints="0" visitedBranchPoints="0" sequenceCoverage="0.0" branchCoverage="0" maxCyclomaticComplexity="0" minCyclomaticComplexity="0" maxCrapScore="0" minCrapScore="0" visitedClasses="0" numClasses="0" visitedMethods="0" numMethods="1" />
              <MetadataToken>100663331</MetadataToken>
              <Name>System.Boolean Difficulty/&lt;IncreaseSpeed&gt;d__4::MoveNext()</Name>
              <FileRef uid="4" />
              <SequencePoints>
                <SequencePoint vc="0" uspid="975" ordinal="0" offset="31" sl="15" sc="0" el="15" ec="0" bec="0" bev="0" fileid="4" />
                <SequencePoint vc="0" uspid="976" ordinal="0" offset="32" sl="16" sc="0" el="16" ec="0" bec="0" bev="0" fileid="4" />
                <SequencePoint vc="0" uspid="977" ordinal="0" offset="70" sl="17" sc="0" el="17" ec="0" bec="0" bev="0" fileid="4" />
                <SequencePoint vc="0" uspid="978" ordinal="0" offset="119" sl="18" sc="0" el="18" ec="0" bec="0" bev="0" fileid="4" />
                <SequencePoint vc="0" uspid="979" ordinal="0" offset="142" sl="19" sc="0" el="19" ec="0" bec="0" bev="0" fileid="4" />
                <SequencePoint vc="0" uspid="980" ordinal="0" offset="158" sl="20" sc="0" el="20" ec="0" bec="0" bev="0" fileid="4" />
              </SequencePoints>
              <BranchPoints />
            </Method>
          </Methods>
        </Class>
        <Class>
          <Summary numSequencePoints="15" visitedSequencePoints="0" numBranchPoints="0" visitedBranchPoints="0" sequenceCoverage="0.0" branchCoverage="0.0" maxCyclomaticComplexity="0" minCyclomaticComplexity="0" maxCrapScore="0" minCrapScore="0" visitedClasses="0" numClasses="1" visitedMethods="0" numMethods="1" />
          <FullName>Spawner/&lt;spawnObstacels&gt;d__11</FullName>
          <Methods>
            <Method visited="false" cyclomaticComplexity="0" nPathComplexity="0" sequenceCoverage="0.0" branchCoverage="0" crapScore="0" isConstructor="false" isStatic="false" isGetter="false" isSetter="false">
              <Summary numSequencePoints="15" visitedSequencePoints="0" numBranchPoints="0" visitedBranchPoints="0" sequenceCoverage="0.0" branchCoverage="0" maxCyclomaticComplexity="0" minCyclomaticComplexity="0" maxCrapScore="0" minCrapScore="0" visitedClasses="0" numClasses="0" visitedMethods="0" numMethods="1" />
              <MetadataToken>100663337</MetadataToken>
              <Name>System.Boolean Spawner/&lt;spawnObstacels&gt;d__11::MoveNext()</Name>
              <FileRef uid="10" />
              <SequencePoints>
                <SequencePoint vc="0" uspid="981" ordinal="0" offset="34" sl="40" sc="0" el="40" ec="0" bec="0" bev="0" fileid="10" />
                <SequencePoint vc="0" uspid="982" ordinal="0" offset="35" sl="41" sc="0" el="41" ec="0" bec="0" bev="0" fileid="10" />
                <SequencePoint vc="0" uspid="983" ordinal="0" offset="47" sl="43" sc="0" el="43" ec="0" bec="0" bev="0" fileid="10" />
                <SequencePoint vc="0" uspid="984" ordinal="0" offset="90" sl="44" sc="0" el="44" ec="0" bec="0" bev="0" fileid="10" />
                <SequencePoint vc="0" uspid="985" ordinal="0" offset="102" sl="44" sc="0" el="44" ec="0" bec="0" bev="0" fileid="10" />
                <SequencePoint vc="0" uspid="986" ordinal="0" offset="103" sl="45" sc="0" el="45" ec="0" bec="0" bev="0" fileid="10" />
                <SequencePoint vc="0" uspid="987" ordinal="0" offset="173" sl="46" sc="0" el="46" ec="0" bec="0" bev="0" fileid="10" />
                <SequencePoint vc="0" uspid="988" ordinal="0" offset="216" sl="47" sc="0" el="47" ec="0" bec="0" bev="0" fileid="10" />
                <SequencePoint vc="0" uspid="989" ordinal="0" offset="322" sl="48" sc="0" el="48" ec="0" bec="0" bev="0" fileid="10" />
                <SequencePoint vc="0" uspid="990" ordinal="0" offset="366" sl="49" sc="0" el="49" ec="0" bec="0" bev="0" fileid="10" />
                <SequencePoint vc="0" uspid="991" ordinal="0" offset="430" sl="50" sc="0" el="50" ec="0" bec="0" bev="0" fileid="10" />
                <SequencePoint vc="0" uspid="992" ordinal="0" offset="438" sl="44" sc="0" el="44" ec="0" bec="0" bev="0" fileid="10" />
                <SequencePoint vc="0" uspid="993" ordinal="0" offset="454" sl="44" sc="0" el="44" ec="0" bec="0" bev="0" fileid="10" />
                <SequencePoint vc="0" uspid="994" ordinal="0" offset="476" sl="52" sc="0" el="52" ec="0" bec="0" bev="0" fileid="10" />
                <SequencePoint vc="0" uspid="995" ordinal="0" offset="487" sl="53" sc="0" el="53" ec="0" bec="0" bev="0" fileid="10" />
              </SequencePoints>
              <BranchPoints />
            </Method>
          </Methods>
        </Class>
      </Classes>
    </Module>
  </Modules>
</CoverageSession>